<?xml version="1.0" encoding="UTF-8"?>
<!-- Generated by org.testng.reporters.JUnitReportReporter -->
<testsuite skipped="1" hostname="LAPTOP-U5RJ2U34" name="contacts.NegativeContactListTest" tests="3" failures="0" timestamp="08 Oct 2021 07:21:46 GMT" time="3.340" errors="0">
  <testcase name="recordNotFound" time="0.569" classname="contacts.NegativeContactListTest"/>
  <testcase name="addingContactMissing" time="2.771" classname="contacts.NegativeContactListTest"/>
  <testcase name="addingContactBigSize" classname="contacts.NegativeContactListTest">
    <skipped/>
  </testcase> <!-- addingContactBigSize -->
</testsuite> <!-- contacts.NegativeContactListTest -->
