<?xml version="1.0" encoding="UTF-8"?>
<!-- Generated by org.testng.reporters.JUnitReportReporter -->
<testsuite skipped="3" hostname="LAPTOP-U5RJ2U34" name="contacts.PositiveContactListTest" tests="8" failures="0" timestamp="08 Oct 2021 06:22:54 GMT" time="5.407" errors="0">
  <testcase name="getSpecificContact3" time="0.548" classname="contacts.PositiveContactListTest"/>
  <testcase name="getSpecificContact4" time="0.591" classname="contacts.PositiveContactListTest"/>
  <testcase name="deleteContact" time="0.565" classname="contacts.PositiveContactListTest"/>
  <testcase name="addingContact" time="3.148" classname="contacts.PositiveContactListTest"/>
  <testcase name="updatingContact" time="0.555" classname="contacts.PositiveContactListTest"/>
  <testcase name="getSpecificContact2" classname="contacts.PositiveContactListTest">
    <skipped/>
  </testcase> <!-- getSpecificContact2 -->
  <testcase name="getSpecificContact" classname="contacts.PositiveContactListTest">
    <skipped/>
  </testcase> <!-- getSpecificContact -->
  <testcase name="getAllContactListInfo" classname="contacts.PositiveContactListTest">
    <skipped/>
  </testcase> <!-- getAllContactListInfo -->
</testsuite> <!-- contacts.PositiveContactListTest -->
