<?xml version="1.0" encoding="UTF-8"?>
<!-- Generated by org.testng.reporters.JUnitReportReporter -->
<testsuite skipped="2" hostname="LAPTOP-U5RJ2U34" name="weather.WeatherAPI" tests="4" failures="0" timestamp="07 Oct 2021 16:39:21 GMT" time="8.121" errors="0">
  <testcase name="getWeather4" time="2.896" classname="weather.WeatherAPI"/>
  <testcase name="getWeather3" time="5.225" classname="weather.WeatherAPI"/>
  <testcase name="getWeather2" classname="weather.WeatherAPI">
    <skipped/>
  </testcase> <!-- getWeather2 -->
  <testcase name="getWeather" classname="weather.WeatherAPI">
    <skipped/>
  </testcase> <!-- getWeather -->
</testsuite> <!-- weather.WeatherAPI -->
