<?xml version="1.0" encoding="UTF-8"?>
<!-- Generated by org.testng.reporters.JUnitReportReporter -->
<testsuite skipped="0" hostname="LAPTOP-U5RJ2U34" name="WeatherAPI" tests="2" failures="0" timestamp="07 Oct 2021 13:25:15 GMT" time="3.651" errors="0">
  <testcase name="getWeather2" time="0.551" classname="WeatherAPI"/>
  <testcase name="getWeather" time="3.100" classname="WeatherAPI"/>
</testsuite> <!-- WeatherAPI -->
